This is pdfTeX, Version 3.14159265-2.6-1.40.16 (TeX Live 2015/Debian) (preloaded format=pdflatex 2017.9.2)  14 NOV 2017 20:22
entering extended mode
 restricted \write18 enabled.
 %&-line parsing enabled.
**"Progetto Basi di Dati TEMPLATE.tex"

(/home/xn3cr0nx/Dropbox/Università/3° Anno/1° Ciclo/Sistemi Informativi e Ba
si di Dati/Progetto/esempi/Template Latex Base di dati MMorpg/Progetto Basi di 
Dati TEMPLATE.tex
LaTeX2e <2016/02/01>
Babel <3.9q> and hyphenation patterns for 81 language(s) loaded.
(/usr/share/texlive/texmf-dist/tex/latex/base/article.cls
Document Class: article 2014/09/29 v1.4h Standard LaTeX document class
(/usr/share/texlive/texmf-dist/tex/latex/base/size12.clo
File: size12.clo 2014/09/29 v1.4h Standard LaTeX file (size option)
)
\c@part=\count79
\c@section=\count80
\c@subsection=\count81
\c@subsubsection=\count82
\c@paragraph=\count83
\c@subparagraph=\count84
\c@figure=\count85
\c@table=\count86
\abovecaptionskip=\skip41
\belowcaptionskip=\skip42
\bibindent=\dimen102
)
(/usr/share/texlive/texmf-dist/tex/latex/tools/verbatim.sty
Package: verbatim 2014/10/28 v1.5q LaTeX2e package for verbatim enhancements
\every@verbatim=\toks14
\verbatim@line=\toks15
\verbatim@in@stream=\read1
)
(/usr/share/texlive/texmf-dist/tex/latex/enumitem/enumitem.sty
Package: enumitem 2011/09/28 v3.5.2 Customized lists
\enitkv@toks@=\toks16
\labelindent=\skip43
\enit@outerparindent=\dimen103
\enit@toks=\toks17
\enit@inbox=\box26
\enitdp@description=\count87
)
(/usr/share/texlive/texmf-dist/tex/latex/rotating/rotating.sty
Package: rotating 2009/03/28 v2.16a rotated objects in LaTeX

(/usr/share/texlive/texmf-dist/tex/latex/graphics/graphicx.sty
Package: graphicx 2014/10/28 v1.0g Enhanced LaTeX Graphics (DPC,SPQR)

(/usr/share/texlive/texmf-dist/tex/latex/graphics/keyval.sty
Package: keyval 2014/10/28 v1.15 key=value parser (DPC)
\KV@toks@=\toks18
)
(/usr/share/texlive/texmf-dist/tex/latex/graphics/graphics.sty
Package: graphics 2016/01/03 v1.0q Standard LaTeX Graphics (DPC,SPQR)

(/usr/share/texlive/texmf-dist/tex/latex/graphics/trig.sty
Package: trig 2016/01/03 v1.10 sin cos tan (DPC)
)
(/usr/share/texlive/texmf-dist/tex/latex/latexconfig/graphics.cfg
File: graphics.cfg 2010/04/23 v1.9 graphics configuration of TeX Live
)
Package graphics Info: Driver file: pdftex.def on input line 95.

(/usr/share/texlive/texmf-dist/tex/latex/pdftex-def/pdftex.def
File: pdftex.def 2011/05/27 v0.06d Graphics/color for pdfTeX

(/usr/share/texlive/texmf-dist/tex/generic/oberdiek/infwarerr.sty
Package: infwarerr 2010/04/08 v1.3 Providing info/warning/error messages (HO)
)
(/usr/share/texlive/texmf-dist/tex/generic/oberdiek/ltxcmds.sty
Package: ltxcmds 2011/11/09 v1.22 LaTeX kernel commands for general use (HO)
)
\Gread@gobject=\count88
))
\Gin@req@height=\dimen104
\Gin@req@width=\dimen105
)
(/usr/share/texlive/texmf-dist/tex/latex/base/ifthen.sty
Package: ifthen 2014/09/29 v1.1c Standard LaTeX ifthen package (DPC)
)
\c@r@tfl@t=\count89
\rotFPtop=\skip44
\rotFPbot=\skip45
\rot@float@box=\box27
\rot@mess@toks=\toks19
)
(/usr/share/texlive/texmf-dist/tex/latex/graphics/lscape.sty
Package: lscape 2000/10/22 v3.01 Landscape Pages (DPC)
)
(/usr/share/texlive/texmf-dist/tex/latex/oberdiek/pdflscape.sty
Package: pdflscape 2008/08/11 v0.10 Display of landscape pages in PDF (HO)

(/usr/share/texlive/texmf-dist/tex/generic/oberdiek/ifpdf.sty
Package: ifpdf 2011/01/30 v2.3 Provides the ifpdf switch (HO)
Package ifpdf Info: pdfTeX in PDF mode is detected.
)
Package pdflscape Info: Auto-detected driver: pdftex on input line 80.

(/usr/share/texlive/texmf-dist/tex/generic/ifxetex/ifxetex.sty
Package: ifxetex 2010/09/12 v0.6 Provides ifxetex conditional
))
(/usr/share/texlive/texmf-dist/tex/latex/geometry/geometry.sty
Package: geometry 2010/09/12 v5.6 Page Geometry

(/usr/share/texlive/texmf-dist/tex/generic/oberdiek/ifvtex.sty
Package: ifvtex 2010/03/01 v1.5 Detect VTeX and its facilities (HO)
Package ifvtex Info: VTeX not detected.
)
\Gm@cnth=\count90
\Gm@cntv=\count91
\c@Gm@tempcnt=\count92
\Gm@bindingoffset=\dimen106
\Gm@wd@mp=\dimen107
\Gm@odd@mp=\dimen108
\Gm@even@mp=\dimen109
\Gm@layoutwidth=\dimen110
\Gm@layoutheight=\dimen111
\Gm@layouthoffset=\dimen112
\Gm@layoutvoffset=\dimen113
\Gm@dimlist=\toks20
)
(/usr/share/texlive/texmf-dist/tex/latex/xcolor/xcolor.sty
Package: xcolor 2007/01/21 v2.11 LaTeX color extensions (UK)

(/usr/share/texlive/texmf-dist/tex/latex/latexconfig/color.cfg
File: color.cfg 2007/01/18 v1.5 color configuration of teTeX/TeXLive
)
Package xcolor Info: Driver file: pdftex.def on input line 225.
Package xcolor Info: Model `cmy' substituted by `cmy0' on input line 1337.
Package xcolor Info: Model `hsb' substituted by `rgb' on input line 1341.
Package xcolor Info: Model `RGB' extended on input line 1353.
Package xcolor Info: Model `HTML' substituted by `rgb' on input line 1355.
Package xcolor Info: Model `Hsb' substituted by `hsb' on input line 1356.
Package xcolor Info: Model `tHsb' substituted by `hsb' on input line 1357.
Package xcolor Info: Model `HSB' substituted by `hsb' on input line 1358.
Package xcolor Info: Model `Gray' substituted by `gray' on input line 1359.
Package xcolor Info: Model `wave' substituted by `hsb' on input line 1360.
)
(/usr/share/texlive/texmf-dist/tex/latex/pdfpages/pdfpages.sty
Package: pdfpages 2015/09/18 v0.5d Insert pages of external PDF documents (AM)

(/usr/share/texlive/texmf-dist/tex/latex/tools/calc.sty
Package: calc 2014/10/28 v4.3 Infix arithmetic (KKT,FJ)
\calc@Acount=\count93
\calc@Bcount=\count94
\calc@Adimen=\dimen114
\calc@Bdimen=\dimen115
\calc@Askip=\skip46
\calc@Bskip=\skip47
LaTeX Info: Redefining \setlength on input line 80.
LaTeX Info: Redefining \addtolength on input line 81.
\calc@Ccount=\count95
\calc@Cskip=\skip48
)
(/usr/share/texlive/texmf-dist/tex/latex/eso-pic/eso-pic.sty
Package: eso-pic 2015/07/21 v2.0g eso-pic (RN)

(/usr/share/texlive/texmf-dist/tex/generic/oberdiek/atbegshi.sty
Package: atbegshi 2011/10/05 v1.16 At begin shipout hook (HO)
))
\AM@pagewidth=\dimen116
\AM@pageheight=\dimen117

(/usr/share/texlive/texmf-dist/tex/latex/pdfpages/pppdftex.def
File: pppdftex.def 2015/09/18 v0.5d Pdfpages driver for pdfTeX (AM)
)
\AM@pagebox=\box28
\AM@toc@title=\toks21
\c@AM@survey=\count96
\AM@templatesizebox=\box29
)
(/usr/share/texlive/texmf-dist/tex/generic/babel/babel.sty
Package: babel 2016/02/24 3.9q The Babel package

(/usr/share/texlive/texmf-dist/tex/generic/babel-italian/italian.ldf
Language: italian 2015/03/26 v1.3n Italian support from the babel system

(/usr/share/texlive/texmf-dist/tex/generic/babel/babel.def
File: babel.def 2016/02/24 3.9q Babel common definitions
\babel@savecnt=\count97
\U@D=\dimen118
)
\it@lettering=\count98
\it@doublequoteactive=\count99
\it@ISOcompliance=\count100
))
(/usr/share/texlive/texmf-dist/tex/latex/etoolbox/etoolbox.sty
Package: etoolbox 2015/08/02 v2.2a e-TeX tools for LaTeX (JAW)
\etb@tempcnta=\count101
)
(/usr/share/texlive/texmf-dist/tex/latex/base/inputenc.sty
Package: inputenc 2015/03/17 v1.2c Input encoding file
\inpenc@prehook=\toks22
\inpenc@posthook=\toks23

(/usr/share/texlive/texmf-dist/tex/latex/base/latin1.def
File: latin1.def 2015/03/17 v1.2c Input encoding file
))
(/usr/share/texlive/texmf-dist/tex/latex/float/float.sty
Package: float 2001/11/08 v1.3d Float enhancements (AL)
\c@float@type=\count102
\float@exts=\toks24
\float@box=\box30
\@float@everytoks=\toks25
\@floatcapt=\box31
)
(/usr/share/texlive/texmf-dist/tex/latex/wrapfig/wrapfig.sty
\wrapoverhang=\dimen119
\WF@size=\dimen120
\c@WF@wrappedlines=\count103
\WF@box=\box32
\WF@everypar=\toks26
Package: wrapfig 2003/01/31  v 3.6
)
(/usr/share/texlive/texmf-dist/tex/latex/booktabs/booktabs.sty
Package: booktabs 2005/04/14 v1.61803 publication quality tables
\heavyrulewidth=\dimen121
\lightrulewidth=\dimen122
\cmidrulewidth=\dimen123
\belowrulesep=\dimen124
\belowbottomsep=\dimen125
\aboverulesep=\dimen126
\abovetopsep=\dimen127
\cmidrulesep=\dimen128
\cmidrulekern=\dimen129
\defaultaddspace=\dimen130
\@cmidla=\count104
\@cmidlb=\count105
\@aboverulesep=\dimen131
\@belowrulesep=\dimen132
\@thisruleclass=\count106
\@lastruleclass=\count107
\@thisrulewidth=\dimen133
)
(/usr/share/texlive/texmf-dist/tex/latex/adjustbox/adjustbox.sty
Package: adjustbox 2012/05/21 v1.0 Adjusting TeX boxes (trim, clip, ...)

(/usr/share/texlive/texmf-dist/tex/latex/xkeyval/xkeyval.sty
Package: xkeyval 2014/12/03 v2.7a package option processing (HA)

(/usr/share/texlive/texmf-dist/tex/generic/xkeyval/xkeyval.tex
(/usr/share/texlive/texmf-dist/tex/generic/xkeyval/xkvutils.tex
\XKV@toks=\toks27
\XKV@tempa@toks=\toks28
)
\XKV@depth=\count108
File: xkeyval.tex 2014/12/03 v2.7a key=value parser (HA)
))
(/usr/share/texlive/texmf-dist/tex/latex/adjustbox/adjcalc.sty
Package: adjcalc 2012/05/16 v1.1 Provides advanced setlength with multiple back
-ends (calc, etex, pgfmath)
)
(/usr/share/texlive/texmf-dist/tex/latex/adjustbox/trimclip.sty
Package: trimclip 2012/05/16 v1.0 Trim and clip general TeX material

(/usr/share/texlive/texmf-dist/tex/latex/collectbox/collectbox.sty
Package: collectbox 2012/05/17 v0.4b Collect macro arguments as boxes
\collectedbox=\box33
)
\tc@llx=\dimen134
\tc@lly=\dimen135
\tc@urx=\dimen136
\tc@ury=\dimen137
Package trimclip Info: Using driver 'tc-pdftex.def'.

(/usr/share/texlive/texmf-dist/tex/latex/adjustbox/tc-pdftex.def
File: tc-pdftex.def 2012/05/13 v1.0 Clipping driver for pdftex
))
\adjbox@Width=\dimen138
\adjbox@Height=\dimen139
\adjbox@Depth=\dimen140
\adjbox@Totalheight=\dimen141

(/usr/share/texlive/texmf-dist/tex/latex/ifoddpage/ifoddpage.sty
Package: ifoddpage 2011/09/13 v1.0 Conditionals for odd/even page detection
\c@checkoddpage=\count109
)
(/usr/share/texlive/texmf-dist/tex/latex/varwidth/varwidth.sty
Package: varwidth 2009/03/30 ver 0.92;  Variable-width minipages
\@vwid@box=\box34
\sift@deathcycles=\count110
\@vwid@loff=\dimen142
\@vwid@roff=\dimen143
))
(/usr/share/texlive/texmf-dist/tex/latex/soul/soul.sty
Package: soul 2003/11/17 v2.4 letterspacing/underlining (mf)
\SOUL@word=\toks29
\SOUL@lasttoken=\toks30
\SOUL@cmds=\toks31
\SOUL@buffer=\toks32
\SOUL@token=\toks33
\SOUL@spaceskip=\skip49
\SOUL@ttwidth=\dimen144
\SOUL@uldp=\dimen145
\SOUL@ulht=\dimen146
)
(/home/xn3cr0nx/Dropbox/Università/3° Anno/1° Ciclo/Sistemi Informativi e Ba
si di Dati/Progetto/esempi/Template Latex Base di dati MMorpg/Progetto Basi di 
Dati TEMPLATE.aux
(/home/xn3cr0nx/Dropbox/Università/3° Anno/1° Ciclo/Sistemi Informativi e Ba
si di Dati/Progetto/esempi/Template Latex Base di dati MMorpg/./Sezioni/vincoli
nonesp.aux)

LaTeX Warning: Label `my-label' multiply defined.


LaTeX Warning: Label `my-label' multiply defined.


LaTeX Warning: Label `my-label' multiply defined.


LaTeX Warning: Label `my-label' multiply defined.


LaTeX Warning: Label `my-label' multiply defined.


LaTeX Warning: Label `my-label' multiply defined.


LaTeX Warning: Label `my-label' multiply defined.


LaTeX Warning: Label `my-label' multiply defined.


LaTeX Warning: Label `my-label' multiply defined.


LaTeX Warning: Label `my-label' multiply defined.


LaTeX Warning: Label `my-label' multiply defined.


LaTeX Warning: Label `fig:1' multiply defined.


LaTeX Warning: Label `fig:1' multiply defined.


LaTeX Warning: Label `fig:1' multiply defined.


LaTeX Warning: Label `fig:1' multiply defined.


LaTeX Warning: Label `fig:1' multiply defined.


LaTeX Warning: Label `fig:1' multiply defined.


LaTeX Warning: Label `fig:1' multiply defined.


LaTeX Warning: Label `fig:1' multiply defined.


LaTeX Warning: Label `fig:1' multiply defined.


LaTeX Warning: Label `fig:1' multiply defined.


LaTeX Warning: Label `fig:1' multiply defined.


LaTeX Warning: Label `fig:1' multiply defined.


LaTeX Warning: Label `fig:1' multiply defined.


LaTeX Warning: Label `fig:1' multiply defined.


LaTeX Warning: Label `fig:1' multiply defined.


LaTeX Warning: Label `fig:1' multiply defined.


LaTeX Warning: Label `fig:1' multiply defined.


LaTeX Warning: Label `fig:1' multiply defined.


LaTeX Warning: Label `fig:1' multiply defined.


LaTeX Warning: Label `fig:1' multiply defined.


LaTeX Warning: Label `fig:1' multiply defined.


LaTeX Warning: Label `fig:1' multiply defined.


LaTeX Warning: Label `fig:1' multiply defined.


LaTeX Warning: Label `fig:1' multiply defined.


LaTeX Warning: Label `fig:1' multiply defined.


LaTeX Warning: Label `fig:1' multiply defined.


LaTeX Warning: Label `fig:1' multiply defined.


LaTeX Warning: Label `fig:1' multiply defined.


LaTeX Warning: Label `fig:1' multiply defined.

)
\openout1 = `"Progetto Basi di Dati TEMPLATE.aux"'.

LaTeX Font Info:    Checking defaults for OML/cmm/m/it on input line 57.
LaTeX Font Info:    ... okay on input line 57.
LaTeX Font Info:    Checking defaults for T1/cmr/m/n on input line 57.
LaTeX Font Info:    ... okay on input line 57.
LaTeX Font Info:    Checking defaults for OT1/cmr/m/n on input line 57.
LaTeX Font Info:    ... okay on input line 57.
LaTeX Font Info:    Checking defaults for OMS/cmsy/m/n on input line 57.
LaTeX Font Info:    ... okay on input line 57.
LaTeX Font Info:    Checking defaults for OMX/cmex/m/n on input line 57.
LaTeX Font Info:    ... okay on input line 57.
LaTeX Font Info:    Checking defaults for U/cmr/m/n on input line 57.
LaTeX Font Info:    ... okay on input line 57.
 (/usr/share/texlive/texmf-dist/tex/context/base/supp-pdf.mkii
[Loading MPS to PDF converter (version 2006.09.02).]
\scratchcounter=\count111
\scratchdimen=\dimen147
\scratchbox=\box35
\nofMPsegments=\count112
\nofMParguments=\count113
\everyMPshowfont=\toks34
\MPscratchCnt=\count114
\MPscratchDim=\dimen148
\MPnumerator=\count115
\makeMPintoPDFobject=\count116
\everyMPtoPDFconversion=\toks35
) (/usr/share/texlive/texmf-dist/tex/generic/oberdiek/pdftexcmds.sty
Package: pdftexcmds 2011/11/29 v0.20 Utility functions of pdfTeX for LuaTeX (HO
)

(/usr/share/texlive/texmf-dist/tex/generic/oberdiek/ifluatex.sty
Package: ifluatex 2010/03/01 v1.3 Provides the ifluatex switch (HO)
Package ifluatex Info: LuaTeX not detected.
)
Package pdftexcmds Info: LuaTeX not detected.
Package pdftexcmds Info: \pdf@primitive is available.
Package pdftexcmds Info: \pdf@ifprimitive is available.
Package pdftexcmds Info: \pdfdraftmode found.
)
(/usr/share/texlive/texmf-dist/tex/latex/oberdiek/epstopdf-base.sty
Package: epstopdf-base 2010/02/09 v2.5 Base part for package epstopdf

(/usr/share/texlive/texmf-dist/tex/latex/oberdiek/grfext.sty
Package: grfext 2010/08/19 v1.1 Manage graphics extensions (HO)

(/usr/share/texlive/texmf-dist/tex/generic/oberdiek/kvdefinekeys.sty
Package: kvdefinekeys 2011/04/07 v1.3 Define keys (HO)
))
(/usr/share/texlive/texmf-dist/tex/latex/oberdiek/kvoptions.sty
Package: kvoptions 2011/06/30 v3.11 Key value format for package options (HO)

(/usr/share/texlive/texmf-dist/tex/generic/oberdiek/kvsetkeys.sty
Package: kvsetkeys 2012/04/25 v1.16 Key value parser (HO)

(/usr/share/texlive/texmf-dist/tex/generic/oberdiek/etexcmds.sty
Package: etexcmds 2011/02/16 v1.5 Avoid name clashes with e-TeX commands (HO)
Package etexcmds Info: Could not find \expanded.
(etexcmds)             That can mean that you are not using pdfTeX 1.50 or
(etexcmds)             that some package has redefined \expanded.
(etexcmds)             In the latter case, load this package earlier.
)))
Package grfext Info: Graphics extension search list:
(grfext)             [.png,.pdf,.jpg,.mps,.jpeg,.jbig2,.jb2,.PNG,.PDF,.JPG,.JPE
G,.JBIG2,.JB2,.eps]
(grfext)             \AppendGraphicsExtensions on input line 452.

(/usr/share/texlive/texmf-dist/tex/latex/latexconfig/epstopdf-sys.cfg
File: epstopdf-sys.cfg 2010/07/13 v1.3 Configuration of (r)epstopdf for TeX Liv
e
))
*geometry* driver: auto-detecting
*geometry* detected driver: pdftex
*geometry* verbose mode - [ preamble ] result:
* driver: pdftex
* paper: a4paper
* layout: <same size as paper>
* layoutoffset:(h,v)=(0.0pt,0.0pt)
* modes: 
* h-part:(L,W,R)=(89.62709pt, 418.25368pt, 89.6271pt)
* v-part:(T,H,B)=(101.40665pt, 591.5302pt, 152.11pt)
* \paperwidth=597.50787pt
* \paperheight=845.04684pt
* \textwidth=418.25368pt
* \textheight=591.5302pt
* \oddsidemargin=17.3571pt
* \evensidemargin=17.3571pt
* \topmargin=-7.86334pt
* \headheight=12.0pt
* \headsep=25.0pt
* \topskip=12.0pt
* \footskip=30.0pt
* \marginparwidth=44.0pt
* \marginparsep=10.0pt
* \columnsep=10.0pt
* \skip\footins=10.8pt plus 4.0pt minus 2.0pt
* \hoffset=0.0pt
* \voffset=0.0pt
* \mag=1000
* \@twocolumnfalse
* \@twosidefalse
* \@mparswitchfalse
* \@reversemarginfalse
* (1in=72.27pt=25.4mm, 1cm=28.453pt)

\AtBeginShipoutBox=\box36
LaTeX Info: Redefining \it@ocap on input line 57.
LaTeX Info: Redefining \it@ccap on input line 57.

File italian.ldf warning: 
italian.ldf    With OT1 encoding guillemets are poorly faked
italian.ldf    Use T1 encoding
italian.ldf    or specify a font with command \CaporaliFrom
italian.ldf    See the documentation concerning the babel-italian typesetting 
italian.ldf    on input line 57.

(./Sezioni/paginatitolo.tex
<./immagini/logo.png, id=1, 411.03563pt x 411.03563pt>
File: ./immagini/logo.png Graphic file (type png)

<use ./immagini/logo.png>
Package pdftex.def Info: ./immagini/logo.png used on input line 16.
(pdftex.def)             Requested size: 153.6425pt x 153.6425pt.
LaTeX Font Info:    External font `cmex10' loaded for size
(Font)              <12> on input line 25.
LaTeX Font Info:    External font `cmex10' loaded for size
(Font)              <8> on input line 25.
LaTeX Font Info:    External font `cmex10' loaded for size
(Font)              <6> on input line 25.
 [1

{/var/lib/texmf/fonts/map/pdftex/updmap/pdftex.map} <./immagini/logo.png (PNG c
opy)>])
(/home/xn3cr0nx/Dropbox/Università/3° Anno/1° Ciclo/Sistemi Informativi e Ba
si di Dati/Progetto/esempi/Template Latex Base di dati MMorpg/Progetto Basi di 
Dati TEMPLATE.toc [1])
\tf@toc=\write3
\openout3 = `"Progetto Basi di Dati TEMPLATE.toc"'.

 [2] (./Sezioni/analisireqintro.tex)
(./Sezioni/raccoltainfo.tex [3] [4] [5] [6] [7] [8] [9] [10] [11]
<./pdf/sprocint.pdf, id=46, 3814.15736pt x 2136.66298pt>
File: ./pdf/sprocint.pdf Graphic file (type pdf)

<use ./pdf/sprocint.pdf>
Package pdftex.def Info: ./pdf/sprocint.pdf used on input line 123.
(pdftex.def)             Requested size: 3814.14812pt x 2136.65779pt.
File: ./pdf/sprocint.pdf Graphic file (type pdf)
 <use ./pdf/sprocint.pdf>
Package pdftex.def Info: ./pdf/sprocint.pdf used on input line 123.
(pdftex.def)             Requested size: 3814.14812pt x 2136.65779pt.

<./pdf/sprocint.pdf, id=49, page=1, 3814.15736pt x 2136.66298pt>
File: ./pdf/sprocint.pdf Graphic file (type pdf)

<use ./pdf/sprocint.pdf, page 1>
Package pdftex.def Info: ./pdf/sprocint.pdf, page1 used on input line 123.
(pdftex.def)             Requested size: 768.1723pt x 430.3245pt.
File: ./pdf/sprocint.pdf Graphic file (type pdf)
 <use ./pdf/sprocint.pdf, page 1>
Package pdftex.def Info: ./pdf/sprocint.pdf, page1 used on input line 123.
(pdftex.def)             Requested size: 768.1723pt x 430.3245pt.
File: ./pdf/sprocint.pdf Graphic file (type pdf)

<use ./pdf/sprocint.pdf, page 1>
Package pdftex.def Info: ./pdf/sprocint.pdf, page1 used on input line 123.
(pdftex.def)             Requested size: 768.1723pt x 430.3245pt.
File: ./pdf/sprocint.pdf Graphic file (type pdf)
 <use ./pdf/sprocint.pdf, page 1>
Package pdftex.def Info: ./pdf/sprocint.pdf, page1 used on input line 123.
(pdftex.def)             Requested size: 768.1723pt x 430.3245pt.
File: ./pdf/sprocint.pdf Graphic file (type pdf)

<use ./pdf/sprocint.pdf, page 1>
Package pdftex.def Info: ./pdf/sprocint.pdf, page1 used on input line 123.
(pdftex.def)             Requested size: 768.1723pt x 430.3245pt.
 [12

 <./pdf/sprocint.pdf>])
(./Sezioni/linguaggionaturale.tex
LaTeX Font Info:    Try loading font information for OMS+cmr on input line 15.

(/usr/share/texlive/texmf-dist/tex/latex/base/omscmr.fd
File: omscmr.fd 2014/09/29 v2.5h Standard LaTeX font definitions
)
LaTeX Font Info:    Font shape `OMS/cmr/m/n' in size <12> not available
(Font)              Font shape `OMS/cmsy/m/n' tried instead on input line 15.

Underfull \hbox (badness 10000) in paragraph at lines 25--26

 []


Underfull \hbox (badness 10000) in paragraph at lines 27--33

 []


Underfull \hbox (badness 10000) in paragraph at lines 27--33

 []

[13

]
Underfull \hbox (badness 10000) in paragraph at lines 34--35

 []

[14]
Underfull \hbox (badness 10000) in paragraph at lines 43--45

 []


Underfull \hbox (badness 10000) in paragraph at lines 46--47

 []


Underfull \hbox (badness 10000) in paragraph at lines 48--50

 []


Underfull \hbox (badness 10000) in paragraph at lines 51--54

 []

[15]
Underfull \hbox (badness 10000) in paragraph at lines 55--59

 []

[16]) (./Sezioni/glossariotermini.tex) [17] (./Sezioni/strutturazreq.tex
Underfull \hbox (badness 10000) in paragraph at lines 3--10

 []

[18]
Underfull \hbox (badness 10000) in paragraph at lines 17--18

 []


Underfull \hbox (badness 10000) in paragraph at lines 30--31

 []

[19]
Underfull \hbox (badness 10000) in paragraph at lines 32--34

 []


Underfull \hbox (badness 10000) in paragraph at lines 43--46

 []


Underfull \hbox (badness 10000) in paragraph at lines 48--50

 []

[20]
Underfull \hbox (badness 10000) in paragraph at lines 54--55

 []


Underfull \hbox (badness 10000) in paragraph at lines 59--60

 []


Underfull \hbox (badness 10000) in paragraph at lines 63--67

 []

) (./Sezioni/specificaop.tex [21] [22]) [23] (./Sezioni/individuazentit.tex
<./immagini/PERSONAGGIOPROPROGETTO.png, id=499, 980.463pt x 190.91325pt>
File: ./immagini/PERSONAGGIOPROPROGETTO.png Graphic file (type png)

<use ./immagini/PERSONAGGIOPROPROGETTO.png>
Package pdftex.def Info: ./immagini/PERSONAGGIOPROPROGETTO.png used on input li
ne 6.
(pdftex.def)             Requested size: 292.77629pt x 57.00932pt.


LaTeX Warning: File `./immagini/oggettotriplo.png' not found on input line 15.


! Package pdftex.def Error: File `./immagini/oggettotriplo.png' not found.

See the pdftex.def package documentation for explanation.
Type  H <return>  for immediate help.
 ...                                              
                                                  
l.15 ...7\linewidth]{./immagini/oggettotriplo.png}
                                                  
Using draft setting for this image.
Try typing  <return>  to proceed.
If that doesn't work, type  X <return>  to quit.

[24 <./immagini/PERSONAGGIOPROPROGETTO.png>]

LaTeX Warning: File `./immagini/persomiss.png' not found on input line 27.


! Package pdftex.def Error: File `./immagini/persomiss.png' not found.

See the pdftex.def package documentation for explanation.
Type  H <return>  for immediate help.
 ...                                              
                                                  
l.27 ...h=0.7\linewidth]{./immagini/persomiss.png}
                                                  
Using draft setting for this image.
Try typing  <return>  to proceed.
If that doesn't work, type  X <return>  to quit.

[25]

LaTeX Warning: File `./immagini/ABILITADEF.png' not found on input line 35.


! Package pdftex.def Error: File `./immagini/ABILITADEF.png' not found.

See the pdftex.def package documentation for explanation.
Type  H <return>  for immediate help.
 ...                                              
                                                  
l.35 ...=0.7\linewidth]{./immagini/ABILITADEF.png}
                                                  
Using draft setting for this image.
Try typing  <return>  to proceed.
If that doesn't work, type  X <return>  to quit.

[26]

LaTeX Warning: File `./immagini/utente.png' not found on input line 42.


! Package pdftex.def Error: File `./immagini/utente.png' not found.

See the pdftex.def package documentation for explanation.
Type  H <return>  for immediate help.
 ...                                              
                                                  
l.42 ...idth=0.7\linewidth]{./immagini/utente.png}
                                                  
Using draft setting for this image.
Try typing  <return>  to proceed.
If that doesn't work, type  X <return>  to quit.

[27] [28])

LaTeX Warning: File `./immagini/SCHEMASCHELETRO.png' not found on input line 14
1.


! Package pdftex.def Error: File `./immagini/SCHEMASCHELETRO.png' not found.

See the pdftex.def package documentation for explanation.
Type  H <return>  for immediate help.
 ...                                              
                                                  
l.141 ...inewidth]{./immagini/SCHEMASCHELETRO.png}
                                                  
Using draft setting for this image.
Try typing  <return>  to proceed.
If that doesn't work, type  X <return>  to quit.

[29

]
Overfull \vbox (173.43921pt too high) has occurred while \output is active []


[30] (./Sezioni/sviluppocompschema.tex
<./immagini/personaggiodef.png, id=526, 772.68675pt x 506.49225pt>
File: ./immagini/personaggiodef.png Graphic file (type png)

<use ./immagini/personaggiodef.png>
Package pdftex.def Info: ./immagini/personaggiodef.png used on input line 8.
(pdftex.def)             Requested size: 292.77629pt x 191.92033pt.
 [31

 <./immagini/personaggiodef.png>]

LaTeX Warning: File `./immagini/npcdef.png' not found on input line 19.


! Package pdftex.def Error: File `./immagini/npcdef.png' not found.

See the pdftex.def package documentation for explanation.
Type  H <return>  for immediate help.
 ...                                              
                                                  
l.19 ...idth=0.7\linewidth]{./immagini/npcdef.png}
                                                  
Using draft setting for this image.
Try typing  <return>  to proceed.
If that doesn't work, type  X <return>  to quit.


LaTeX Warning: File `./immagini/oggettodef.png' not found on input line 28.


! Package pdftex.def Error: File `./immagini/oggettodef.png' not found.

See the pdftex.def package documentation for explanation.
Type  H <return>  for immediate help.
 ...                                              
                                                  
l.28 ...=0.7\linewidth]{./immagini/oggettodef.png}
                                                  
Using draft setting for this image.
Try typing  <return>  to proceed.
If that doesn't work, type  X <return>  to quit.

[32] [33]

LaTeX Warning: File `./immagini/ABILITADEF.png' not found on input line 38.


! Package pdftex.def Error: File `./immagini/ABILITADEF.png' not found.

See the pdftex.def package documentation for explanation.
Type  H <return>  for immediate help.
 ...                                              
                                                  
l.38 ...=0.7\linewidth]{./immagini/ABILITADEF.png}
                                                  
Using draft setting for this image.
Try typing  <return>  to proceed.
If that doesn't work, type  X <return>  to quit.


LaTeX Warning: File `./immagini/TRANSAZ.png' not found on input line 46.


! Package pdftex.def Error: File `./immagini/TRANSAZ.png' not found.

See the pdftex.def package documentation for explanation.
Type  H <return>  for immediate help.
 ...                                              
                                                  
l.46 ...dth=0.7\linewidth]{./immagini/TRANSAZ.png}
                                                  
Using draft setting for this image.
Try typing  <return>  to proceed.
If that doesn't work, type  X <return>  to quit.

[34] <./immagini/untentedef.png, id=540, 636.3775pt x 359.3425pt>
File: ./immagini/untentedef.png Graphic file (type png)

<use ./immagini/untentedef.png>
Package pdftex.def Info: ./immagini/untentedef.png used on input line 56.
(pdftex.def)             Requested size: 292.77629pt x 165.32147pt.
 [35]

LaTeX Warning: File `./immagini/prodottodef.png' not found on input line 64.


! Package pdftex.def Error: File `./immagini/prodottodef.png' not found.

See the pdftex.def package documentation for explanation.
Type  H <return>  for immediate help.
 ...                                              
                                                  
l.64 ...0.7\linewidth]{./immagini/prodottodef.png}
                                                  
Using draft setting for this image.
Try typing  <return>  to proceed.
If that doesn't work, type  X <return>  to quit.

[36 <./immagini/untentedef.png>]) (./Sezioni/raffinsucc.tex

LaTeX Warning: File `./immagini/personaggioconsumabili.png' not found on input 
line 5.


! Package pdftex.def Error: File `./immagini/personaggioconsumabili.png' not fo
und.

See the pdftex.def package documentation for explanation.
Type  H <return>  for immediate help.
 ...                                              
                                                  
l.5 ...dth]{./immagini/personaggioconsumabili.png}
                                                  
Using draft setting for this image.
Try typing  <return>  to proceed.
If that doesn't work, type  X <return>  to quit.


LaTeX Warning: File `./immagini/MISSIONEOBIETTIVI.png' not found on input line 
10.


! Package pdftex.def Error: File `./immagini/MISSIONEOBIETTIVI.png' not found.

See the pdftex.def package documentation for explanation.
Type  H <return>  for immediate help.
 ...                                              
                                                  
l.10 ...newidth]{./immagini/MISSIONEOBIETTIVI.png}
                                                  
Using draft setting for this image.
Try typing  <return>  to proceed.
If that doesn't work, type  X <return>  to quit.

[37] [38] <./pdf/sbizz.pdf, id=555, 3737.9949pt x 1747.20822pt>
File: ./pdf/sbizz.pdf Graphic file (type pdf)

<use ./pdf/sbizz.pdf>
Package pdftex.def Info: ./pdf/sbizz.pdf used on input line 18.
(pdftex.def)             Requested size: 3737.98584pt x 1747.20396pt.
File: ./pdf/sbizz.pdf Graphic file (type pdf)
 <use ./pdf/sbizz.pdf>
Package pdftex.def Info: ./pdf/sbizz.pdf used on input line 18.
(pdftex.def)             Requested size: 3737.98584pt x 1747.20396pt.

<./pdf/sbizz.pdf, id=558, page=1, 3737.9949pt x 1747.20822pt>
File: ./pdf/sbizz.pdf Graphic file (type pdf)

<use ./pdf/sbizz.pdf, page 1>
Package pdftex.def Info: ./pdf/sbizz.pdf, page1 used on input line 18.
(pdftex.def)             Requested size: 768.2332pt x 359.08646pt.
File: ./pdf/sbizz.pdf Graphic file (type pdf)
 <use ./pdf/sbizz.pdf, page 1>
Package pdftex.def Info: ./pdf/sbizz.pdf, page1 used on input line 18.
(pdftex.def)             Requested size: 768.2332pt x 359.08646pt.
File: ./pdf/sbizz.pdf Graphic file (type pdf)

<use ./pdf/sbizz.pdf, page 1>
Package pdftex.def Info: ./pdf/sbizz.pdf, page1 used on input line 18.
(pdftex.def)             Requested size: 768.2332pt x 359.08646pt.
File: ./pdf/sbizz.pdf Graphic file (type pdf)
 <use ./pdf/sbizz.pdf, page 1>
Package pdftex.def Info: ./pdf/sbizz.pdf, page1 used on input line 18.
(pdftex.def)             Requested size: 768.2332pt x 359.08646pt.
File: ./pdf/sbizz.pdf Graphic file (type pdf)

<use ./pdf/sbizz.pdf, page 1>
Package pdftex.def Info: ./pdf/sbizz.pdf, page1 used on input line 18.
(pdftex.def)             Requested size: 768.2332pt x 359.08646pt.
 [39

 <./pdf/sbizz.pdf>])
(./Sezioni/analisiqualit.tex) (./Sezioni/sezentita.tex [40

])
(./Sezioni/regolevincolo.tex [41]) [42]
\openout2 = `./Sezioni/vincolinonesp.aux'.


(/home/xn3cr0nx/Dropbox/Università/3° Anno/1° Ciclo/Sistemi Informativi e Ba
si di Dati/Progetto/esempi/Template Latex Base di dati MMorpg/./Sezioni/vincoli
nonesp.tex) [43

] (./Sezioni/volumieop.tex [44

] [45] [46]
Overfull \vbox (5.40443pt too high) has occurred while \output is active []


[47]) (./Sezioni/ristrutturazione.tex [48] [49] [50] [51]
<./pdf/ristrutturatosenzacarta.pdf, id=972, 3985.35654pt x 2375.69025pt>
File: ./pdf/ristrutturatosenzacarta.pdf Graphic file (type pdf)

<use ./pdf/ristrutturatosenzacarta.pdf>
Package pdftex.def Info: ./pdf/ristrutturatosenzacarta.pdf used on input line 2
19.
(pdftex.def)             Requested size: 3985.34686pt x 2375.68446pt.
File: ./pdf/ristrutturatosenzacarta.pdf Graphic file (type pdf)

<use ./pdf/ristrutturatosenzacarta.pdf>
Package pdftex.def Info: ./pdf/ristrutturatosenzacarta.pdf used on input line 2
19.
(pdftex.def)             Requested size: 3985.34686pt x 2375.68446pt.

<./pdf/ristrutturatosenzacarta.pdf, id=975, page=1, 3985.35654pt x 2375.69025pt
>
File: ./pdf/ristrutturatosenzacarta.pdf Graphic file (type pdf)
 <use ./pdf/ristrutturatosenzacarta.pdf, page 1>
Package pdftex.def Info: ./pdf/ristrutturatosenzacarta.pdf, page1 used on input
 line 219.
(pdftex.def)             Requested size: 768.1717pt x 457.91086pt.
File: ./pdf/ristrutturatosenzacarta.pdf Graphic file (type pdf)

<use ./pdf/ristrutturatosenzacarta.pdf, page 1>
Package pdftex.def Info: ./pdf/ristrutturatosenzacarta.pdf, page1 used on input
 line 219.
(pdftex.def)             Requested size: 768.1717pt x 457.91086pt.
File: ./pdf/ristrutturatosenzacarta.pdf Graphic file (type pdf)

<use ./pdf/ristrutturatosenzacarta.pdf, page 1>
Package pdftex.def Info: ./pdf/ristrutturatosenzacarta.pdf, page1 used on input
 line 219.
(pdftex.def)             Requested size: 768.1717pt x 457.91086pt.
File: ./pdf/ristrutturatosenzacarta.pdf Graphic file (type pdf)

<use ./pdf/ristrutturatosenzacarta.pdf, page 1>
Package pdftex.def Info: ./pdf/ristrutturatosenzacarta.pdf, page1 used on input
 line 219.
(pdftex.def)             Requested size: 768.1717pt x 457.91086pt.
File: ./pdf/ristrutturatosenzacarta.pdf Graphic file (type pdf)

<use ./pdf/ristrutturatosenzacarta.pdf, page 1>
Package pdftex.def Info: ./pdf/ristrutturatosenzacarta.pdf, page1 used on input
 line 219.
(pdftex.def)             Requested size: 768.1717pt x 457.91086pt.
 [52

 <./pdf/ristrutturatosenzacarta.pdf>] <./immagini/schemetto.png, id=1428, 1160.
335pt x 388.45125pt>
File: ./immagini/schemetto.png Graphic file (type png)

<use ./immagini/schemetto.png>
Package pdftex.def Info: ./immagini/schemetto.png used on input line 232.
(pdftex.def)             Requested size: 292.77629pt x 98.0135pt.
) (./Sezioni/elencoideprinc.tex [53

 <./immagini/schemetto.png>] [54]
<./pdf/ristrutturatocarta.pdf, id=1437, 3988.0078pt x 2396.9697pt>
File: ./pdf/ristrutturatocarta.pdf Graphic file (type pdf)

<use ./pdf/ristrutturatocarta.pdf>
Package pdftex.def Info: ./pdf/ristrutturatocarta.pdf used on input line 39.
(pdftex.def)             Requested size: 3987.99812pt x 2396.96388pt.
File: ./pdf/ristrutturatocarta.pdf Graphic file (type pdf)
 <use ./pdf/ristrutturatocarta.pdf>
Package pdftex.def Info: ./pdf/ristrutturatocarta.pdf used on input line 39.
(pdftex.def)             Requested size: 3987.99812pt x 2396.96388pt.

<./pdf/ristrutturatocarta.pdf, id=1440, page=1, 3988.0078pt x 2396.9697pt>
File: ./pdf/ristrutturatocarta.pdf Graphic file (type pdf)

<use ./pdf/ristrutturatocarta.pdf, page 1>
Package pdftex.def Info: ./pdf/ristrutturatocarta.pdf, page1 used on input line
 39.
(pdftex.def)             Requested size: 768.19592pt x 461.71985pt.
File: ./pdf/ristrutturatocarta.pdf Graphic file (type pdf)

<use ./pdf/ristrutturatocarta.pdf, page 1>
Package pdftex.def Info: ./pdf/ristrutturatocarta.pdf, page1 used on input line
 39.
(pdftex.def)             Requested size: 768.19592pt x 461.71985pt.
File: ./pdf/ristrutturatocarta.pdf Graphic file (type pdf)

<use ./pdf/ristrutturatocarta.pdf, page 1>
Package pdftex.def Info: ./pdf/ristrutturatocarta.pdf, page1 used on input line
 39.
(pdftex.def)             Requested size: 768.19592pt x 461.71985pt.
File: ./pdf/ristrutturatocarta.pdf Graphic file (type pdf)

<use ./pdf/ristrutturatocarta.pdf, page 1>
Package pdftex.def Info: ./pdf/ristrutturatocarta.pdf, page1 used on input line
 39.
(pdftex.def)             Requested size: 768.19592pt x 461.71985pt.
File: ./pdf/ristrutturatocarta.pdf Graphic file (type pdf)

<use ./pdf/ristrutturatocarta.pdf, page 1>
Package pdftex.def Info: ./pdf/ristrutturatocarta.pdf, page1 used on input line
 39.
(pdftex.def)             Requested size: 768.19592pt x 461.71985pt.
 [55

 <./pdf/ristrutturatocarta.pdf>]) (./Sezioni/normalizzazione.tex) (./Sezioni/tr
adumodellorelaz.tex [56

] [57])
Overfull \vbox (9.19005pt too high) has occurred while \output is active []


[58] (./Sezioni/defschema.tex
<immagini/1.png, id=1909, 621.07031pt x 70.76437pt>
File: immagini/1.png Graphic file (type png)
 <use immagini/1.png>
Package pdftex.def Info: immagini/1.png used on input line 16.
(pdftex.def)             Requested size: 292.77629pt x 33.35858pt.

<immagini/2.png, id=1910, 493.845pt x 106.89937pt>
File: immagini/2.png Graphic file (type png)
 <use immagini/2.png>
Package pdftex.def Info: immagini/2.png used on input line 33.
(pdftex.def)             Requested size: 292.77629pt x 63.37509pt.

[59 </home/xn3cr0nx/Dropbox/Università/3° Anno/1° Ciclo/Sistemi Informativi 
e Basi di Dati/Progetto/esempi/Template Latex Base di dati MMorpg/immagini/1.pn
g> </home/xn3cr0nx/Dropbox/Università/3° Anno/1° Ciclo/Sistemi Informativi e
 Basi di Dati/Progetto/esempi/Template Latex Base di dati MMorpg/immagini/2.png
>] <immagini/3.png, id=1914, 217.5628pt x 73.02281pt>
File: immagini/3.png Graphic file (type png)
 <use immagini/3.png>
Package pdftex.def Info: immagini/3.png used on input line 50.
(pdftex.def)             Requested size: 292.77629pt x 98.28123pt.

<immagini/4.png, id=1915, 234.1247pt x 77.53969pt>
File: immagini/4.png Graphic file (type png)
 <use immagini/4.png>
Package pdftex.def Info: immagini/4.png used on input line 65.
(pdftex.def)             Requested size: 292.77629pt x 96.9764pt.

[60 </home/xn3cr0nx/Dropbox/Università/3° Anno/1° Ciclo/Sistemi Informativi 
e Basi di Dati/Progetto/esempi/Template Latex Base di dati MMorpg/immagini/3.pn
g> </home/xn3cr0nx/Dropbox/Università/3° Anno/1° Ciclo/Sistemi Informativi e
 Basi di Dati/Progetto/esempi/Template Latex Base di dati MMorpg/immagini/4.png
>] <immagini/5.png, id=1920, 205.5178pt x 54.9553pt>
File: immagini/5.png Graphic file (type png)
 <use immagini/5.png>
Package pdftex.def Info: immagini/5.png used on input line 81.
(pdftex.def)             Requested size: 292.77629pt x 78.29448pt.

[61 </home/xn3cr0nx/Dropbox/Università/3° Anno/1° Ciclo/Sistemi Informativi 
e Basi di Dati/Progetto/esempi/Template Latex Base di dati MMorpg/immagini/5.pn
g>] <immagini/6.png, id=1924, 1005.7575pt x 143.78719pt>
File: immagini/6.png Graphic file (type png)
 <use immagini/6.png>
Package pdftex.def Info: immagini/6.png used on input line 115.
(pdftex.def)             Requested size: 292.77629pt x 41.85518pt.

<immagini/7.png, id=1925, 383.93437pt x 139.27031pt>
File: immagini/7.png Graphic file (type png)
 <use immagini/7.png>
Package pdftex.def Info: immagini/7.png used on input line 130.
(pdftex.def)             Requested size: 292.77629pt x 106.20992pt.

[62 </home/xn3cr0nx/Dropbox/Università/3° Anno/1° Ciclo/Sistemi Informativi 
e Basi di Dati/Progetto/esempi/Template Latex Base di dati MMorpg/immagini/6.pn
g> </home/xn3cr0nx/Dropbox/Università/3° Anno/1° Ciclo/Sistemi Informativi e
 Basi di Dati/Progetto/esempi/Template Latex Base di dati MMorpg/immagini/7.png
>] <immagini/8.png, id=1929, 851.43094pt x 102.3825pt>
File: immagini/8.png Graphic file (type png)
 <use immagini/8.png>
Package pdftex.def Info: immagini/8.png used on input line 158.
(pdftex.def)             Requested size: 292.77629pt x 35.20639pt.

<immagini/9.png, id=1930, 921.4425pt x 79.79813pt>
File: immagini/9.png Graphic file (type png)
 <use immagini/9.png>
Package pdftex.def Info: immagini/9.png used on input line 183.
(pdftex.def)             Requested size: 292.77629pt x 25.35448pt.

[63 </home/xn3cr0nx/Dropbox/Università/3° Anno/1° Ciclo/Sistemi Informativi 
e Basi di Dati/Progetto/esempi/Template Latex Base di dati MMorpg/immagini/8.pn
g> </home/xn3cr0nx/Dropbox/Università/3° Anno/1° Ciclo/Sistemi Informativi e
 Basi di Dati/Progetto/esempi/Template Latex Base di dati MMorpg/immagini/9.png
>] <immagini/10.png, id=1934, 243.15843pt x 57.96657pt>
File: immagini/10.png Graphic file (type png)
 <use immagini/10.png>
Package pdftex.def Info: immagini/10.png used on input line 198.
(pdftex.def)             Requested size: 292.77629pt x 69.79478pt.

<immagini/11.png, id=1935, 363.60844pt x 58.71938pt>
File: immagini/11.png Graphic file (type png)
 <use immagini/11.png>
Package pdftex.def Info: immagini/11.png used on input line 217.
(pdftex.def)             Requested size: 292.77629pt x 47.28197pt.

[64 </home/xn3cr0nx/Dropbox/Università/3° Anno/1° Ciclo/Sistemi Informativi 
e Basi di Dati/Progetto/esempi/Template Latex Base di dati MMorpg/immagini/10.p
ng> </home/xn3cr0nx/Dropbox/Università/3° Anno/1° Ciclo/Sistemi Informativi 
e Basi di Dati/Progetto/esempi/Template Latex Base di dati MMorpg/immagini/11.p
ng>] <immagini/12.png, id=1939, 1008.01593pt x 93.34875pt>
File: immagini/12.png Graphic file (type png)

<use immagini/12.png>
Package pdftex.def Info: immagini/12.png used on input line 241.
(pdftex.def)             Requested size: 292.77629pt x 27.11316pt.
 <immagini/13.png, id=1940, 981.6675pt x 85.06781pt>
File: immagini/13.png Graphic file (type png)

<use immagini/13.png>
Package pdftex.def Info: immagini/13.png used on input line 265.
(pdftex.def)             Requested size: 292.77629pt x 25.36996pt.
 [65 </home/xn3cr0nx/Dropbox/Università/3° Anno/1° Ciclo/Sistemi Informativi
 e Basi di Dati/Progetto/esempi/Template Latex Base di dati MMorpg/immagini/12.
png> </home/xn3cr0nx/Dropbox/Università/3° Anno/1° Ciclo/Sistemi Informativi
 e Basi di Dati/Progetto/esempi/Template Latex Base di dati MMorpg/immagini/13.
png>]
<immagini/14.png, id=1944, 510.40688pt x 63.98906pt>
File: immagini/14.png Graphic file (type png)
 <use immagini/14.png>
Package pdftex.def Info: immagini/14.png used on input line 286.
(pdftex.def)             Requested size: 292.77629pt x 36.70651pt.

<immagini/15.png, id=1945, 770.88pt x 72.27pt>
File: immagini/15.png Graphic file (type png)
 <use immagini/15.png>
Package pdftex.def Info: immagini/15.png used on input line 310.
(pdftex.def)             Requested size: 292.77629pt x 27.44743pt.
 [66 </home/xn3cr0nx/Dropbox/Università/3° Anno/1° Ciclo/Sistemi Informativi
 e Basi di Dati/Progetto/esempi/Template Latex Base di dati MMorpg/immagini/14.
png> </home/xn3cr0nx/Dropbox/Università/3° Anno/1° Ciclo/Sistemi Informativi
 e Basi di Dati/Progetto/esempi/Template Latex Base di dati MMorpg/immagini/15.
png>]
<immagini/16.png, id=1950, 183.68625pt x 73.77562pt>
File: immagini/16.png Graphic file (type png)
 <use immagini/16.png>
Package pdftex.def Info: immagini/16.png used on input line 328.
(pdftex.def)             Requested size: 292.77629pt x 117.60884pt.

<immagini/17.png, id=1951, 197.98969pt x 97.11281pt>
File: immagini/17.png Graphic file (type png)
 <use immagini/17.png>
Package pdftex.def Info: immagini/17.png used on input line 346.
(pdftex.def)             Requested size: 292.77629pt x 143.61948pt.

[67 </home/xn3cr0nx/Dropbox/Università/3° Anno/1° Ciclo/Sistemi Informativi 
e Basi di Dati/Progetto/esempi/Template Latex Base di dati MMorpg/immagini/16.p
ng>] <immagini/18.png, id=1955, 305.64188pt x 70.76437pt>
File: immagini/18.png Graphic file (type png)

<use immagini/18.png>
Package pdftex.def Info: immagini/18.png used on input line 364.
(pdftex.def)             Requested size: 292.77629pt x 67.78831pt.
 <immagini/19.png, id=1956, 230.36063pt x 56.46094pt>
File: immagini/19.png Graphic file (type png)

<use immagini/19.png>
Package pdftex.def Info: immagini/19.png used on input line 382.
(pdftex.def)             Requested size: 292.77629pt x 71.76315pt.
 [68 </home/xn3cr0nx/Dropbox/Università/3° Anno/1° Ciclo/Sistemi Informativi
 e Basi di Dati/Progetto/esempi/Template Latex Base di dati MMorpg/immagini/17.
png> </home/xn3cr0nx/Dropbox/Università/3° Anno/1° Ciclo/Sistemi Informativi
 e Basi di Dati/Progetto/esempi/Template Latex Base di dati MMorpg/immagini/18.
png>]
<immagini/20.png, id=1960, 223.58531pt x 51.19125pt>
File: immagini/20.png Graphic file (type png)
 <use immagini/20.png>
Package pdftex.def Info: immagini/20.png used on input line 400.
(pdftex.def)             Requested size: 292.77629pt x 67.03914pt.

[69 </home/xn3cr0nx/Dropbox/Università/3° Anno/1° Ciclo/Sistemi Informativi 
e Basi di Dati/Progetto/esempi/Template Latex Base di dati MMorpg/immagini/19.p
ng> </home/xn3cr0nx/Dropbox/Università/3° Anno/1° Ciclo/Sistemi Informativi 
e Basi di Dati/Progetto/esempi/Template Latex Base di dati MMorpg/immagini/20.p
ng>] <immagini/21.png, id=1964, 344.03531pt x 57.21375pt>
File: immagini/21.png Graphic file (type png)

<use immagini/21.png>
Package pdftex.def Info: immagini/21.png used on input line 430.
(pdftex.def)             Requested size: 292.77629pt x 48.68951pt.
 <immagini/22.png, id=1965, 226.59656pt x 73.77562pt>
File: immagini/22.png Graphic file (type png)

<use immagini/22.png>
Package pdftex.def Info: immagini/22.png used on input line 449.
(pdftex.def)             Requested size: 292.77629pt x 95.32289pt.
 [70 </home/xn3cr0nx/Dropbox/Università/3° Anno/1° Ciclo/Sistemi Informativi
 e Basi di Dati/Progetto/esempi/Template Latex Base di dati MMorpg/immagini/21.
png> </home/xn3cr0nx/Dropbox/Università/3° Anno/1° Ciclo/Sistemi Informativi
 e Basi di Dati/Progetto/esempi/Template Latex Base di dati MMorpg/immagini/22.
png>]
<immagini/23.png, id=1969, 255.20343pt x 85.06781pt>
File: immagini/23.png Graphic file (type png)
 <use immagini/23.png>
Package pdftex.def Info: immagini/23.png used on input line 467.
(pdftex.def)             Requested size: 292.77629pt x 97.59746pt.

<immagini/24.png, id=1970, 277.78781pt x 71.51718pt>
File: immagini/24.png Graphic file (type png)
 <use immagini/24.png>
Package pdftex.def Info: immagini/24.png used on input line 485.
(pdftex.def)             Requested size: 292.77629pt x 75.37679pt.

[71 </home/xn3cr0nx/Dropbox/Università/3° Anno/1° Ciclo/Sistemi Informativi 
e Basi di Dati/Progetto/esempi/Template Latex Base di dati MMorpg/immagini/23.p
ng> </home/xn3cr0nx/Dropbox/Università/3° Anno/1° Ciclo/Sistemi Informativi 
e Basi di Dati/Progetto/esempi/Template Latex Base di dati MMorpg/immagini/24.p
ng>] <immagini/25.png, id=1974, 253.69781pt x 76.78688pt>
File: immagini/25.png Graphic file (type png)

<use immagini/25.png>
Package pdftex.def Info: immagini/25.png used on input line 503.
(pdftex.def)             Requested size: 292.77629pt x 88.61705pt.
 <immagini/26.png, id=1975, 275.52937pt x 66.2475pt>
File: immagini/26.png Graphic file (type png)

<use immagini/26.png>
Package pdftex.def Info: immagini/26.png used on input line 521.
(pdftex.def)             Requested size: 292.77629pt x 70.40092pt.
 [72 </home/xn3cr0nx/Dropbox/Università/3° Anno/1° Ciclo/Sistemi Informativi
 e Basi di Dati/Progetto/esempi/Template Latex Base di dati MMorpg/immagini/25.
png> </home/xn3cr0nx/Dropbox/Università/3° Anno/1° Ciclo/Sistemi Informativi
 e Basi di Dati/Progetto/esempi/Template Latex Base di dati MMorpg/immagini/26.
png>]
<immagini/27.png, id=1980, 228.10219pt x 71.51718pt>
File: immagini/27.png Graphic file (type png)
 <use immagini/27.png>
Package pdftex.def Info: immagini/27.png used on input line 539.
(pdftex.def)             Requested size: 292.77629pt x 91.79701pt.

<immagini/28.png, id=1981, 626.34pt x 69.25874pt>
File: immagini/28.png Graphic file (type png)
 <use immagini/28.png>
Package pdftex.def Info: immagini/28.png used on input line 565.
(pdftex.def)             Requested size: 292.77629pt x 32.3751pt.

[73 </home/xn3cr0nx/Dropbox/Università/3° Anno/1° Ciclo/Sistemi Informativi 
e Basi di Dati/Progetto/esempi/Template Latex Base di dati MMorpg/immagini/27.p
ng>] <immagini/29.png, id=1985, 269.50688pt x 64.74188pt>
File: immagini/29.png Graphic file (type png)

<use immagini/29.png>
Package pdftex.def Info: immagini/29.png used on input line 582.
(pdftex.def)             Requested size: 292.77629pt x 70.33311pt.
 <immagini/30.png, id=1986, 291.33844pt x 81.30376pt>
File: immagini/30.png Graphic file (type png)

<use immagini/30.png>
Package pdftex.def Info: immagini/30.png used on input line 600.
(pdftex.def)             Requested size: 292.77629pt x 81.71169pt.
 [74 </home/xn3cr0nx/Dropbox/Università/3° Anno/1° Ciclo/Sistemi Informativi
 e Basi di Dati/Progetto/esempi/Template Latex Base di dati MMorpg/immagini/28.
png> </home/xn3cr0nx/Dropbox/Università/3° Anno/1° Ciclo/Sistemi Informativi
 e Basi di Dati/Progetto/esempi/Template Latex Base di dati MMorpg/immagini/29.
png> </home/xn3cr0nx/Dropbox/Università/3° Anno/1° Ciclo/Sistemi Informativi
 e Basi di Dati/Progetto/esempi/Template Latex Base di dati MMorpg/immagini/30.
png>]) (./Sezioni/codificaop.tex
Overfull \hbox (12.49622pt too wide) in paragraph at lines 28--28
 []\OT1/cmtt/m/n/12 capelli, colorePelle, barba, volto, puntiVita, puniMana, at
tacco,[] 
 []

[75] [76]
Overfull \hbox (24.84622pt too wide) in paragraph at lines 128--128
 []\OT1/cmtt/m/n/12 insert into Prodotto(codPro, nome, descrizione, prezzo) val
ues (?);[] 
 []

[77]
Overfull \hbox (31.02122pt too wide) in paragraph at lines 155--155
 []  \OT1/cmtt/m/n/12 join propriet[]A  on sottoscrizione.codPro = propriet[]A 
.codPro where[] 
 []


Overfull \hbox (0.14621pt too wide) in paragraph at lines 168--168
 []\OT1/cmtt/m/n/12 /*Togliere il vecchio equipaggiamento  e metterlo nello sto
ck*/[] 
 []

[78]
Overfull \hbox (18.67122pt too wide) in paragraph at lines 215--215
 []\OT1/cmtt/m/n/12 /* segue l'eliminazione degli oggetti che il personaggio po
ssiede,[] 
 []


Overfull \hbox (12.49622pt too wide) in paragraph at lines 217--217
 []\OT1/cmtt/m/n/12 delle abilit[]A  apprese e delle missioni intraprese e comp
letate*/[] 
 []

[79] [80]
Overfull \hbox (74.24625pt too wide) in paragraph at lines 260--260
 []\OT1/cmtt/m/n/12 delete from  propriet[]A NPCAmichevole where venditore= <'n
ome_da_eliminare'>[] 
 []


Overfull \hbox (31.02122pt too wide) in paragraph at lines 265--265
 []\OT1/cmtt/m/n/12 delete from  propriet[]A NPCOstile where nemico= <codice_da
_eliminare>[] 
 []


Overfull \hbox (0.14621pt too wide) in paragraph at lines 293--293
 []\OT1/cmtt/m/n/12 delete from intraprendenza where missione=<codice_da_elimin
are>[] 
 []


Overfull \hbox (12.49622pt too wide) in paragraph at lines 295--295
 []\OT1/cmtt/m/n/12 delete from obiettivoAnimato where missione=<codice_da_elim
inare>[] 
 []

[81]
Overfull \hbox (24.84622pt too wide) in paragraph at lines 296--296
 []\OT1/cmtt/m/n/12 delete from obiettivoInanimato where missione=<codice_da_el
iminare>[] 
 []


Overfull \hbox (0.14621pt too wide) in paragraph at lines 301--301
 []\OT1/cmtt/m/n/12 delete from intraprendenza where missione=<codice_da_elimin
are>[] 
 []


Overfull \hbox (80.42125pt too wide) in paragraph at lines 309--309
 []\OT1/cmtt/m/n/12 delete from elencazioneTransazioni where transazione = <cod
ice_da_eliminare>[] 
 []

[82]
Overfull \hbox (31.02122pt too wide) in paragraph at lines 344--344
 []\OT1/cmtt/m/n/12 update personaggio set xPos = <valore>,yPos=<valore>,zPos =
 <valore>[] 
 []

[83]
Overfull \hbox (18.67122pt too wide) in paragraph at lines 411--411
 []\OT1/cmtt/m/n/12 select nome, razza, classe, livello, esperienza, soldi, pun
tiVita,[] 
 []


Overfull \hbox (0.14621pt too wide) in paragraph at lines 415--415
 [] \OT1/cmtt/m/n/12 indossamento.personaggio left join stock on personaggio.no
me =[] 
 []

[84]
<./immagini/immquery/1-statopersonaggio.png, id=2023, 1014.79124pt x 136.25906p
t>
File: ./immagini/immquery/1-statopersonaggio.png Graphic file (type png)
 <use ./immagini/immquery/1-statopersonaggio.png>
Package pdftex.def Info: ./immagini/immquery/1-statopersonaggio.png used on inp
ut line 423.
(pdftex.def)             Requested size: 292.77629pt x 39.31035pt.

<./immagini/immquery/2-missioniintraprese.png, id=2024, 939.51pt x 42.91031pt>
File: ./immagini/immquery/2-missioniintraprese.png Graphic file (type png)

<use ./immagini/immquery/2-missioniintraprese.png>
Package pdftex.def Info: ./immagini/immquery/2-missioniintraprese.png used on i
nput line 444.
(pdftex.def)             Requested size: 292.77629pt x 13.37144pt.
 [85 <./immagini/immquery/1-statopersonaggio.png> <./immagini/immquery/2-missio
niintraprese.png>]
<./immagini/immquery/3-missionicompletate.png, id=2028, 941.01563pt x 44.41594p
t>
File: ./immagini/immquery/3-missionicompletate.png Graphic file (type png)
 <use ./immagini/immquery/3-missionicompletate.png>
Package pdftex.def Info: ./immagini/immquery/3-missionicompletate.png used on i
nput line 463.
(pdftex.def)             Requested size: 292.77629pt x 13.81894pt.

Overfull \hbox (6.32121pt too wide) in paragraph at lines 473--473
 []\OT1/cmtt/m/n/12 apprendimento.abilit[]A  as abilit[]A , abilit[]A .livello,
 costoMana,[] 
 []


Overfull \hbox (31.02122pt too wide) in paragraph at lines 474--474
 [] \OT1/cmtt/m/n/12 abilit[]A .attacco,abilit[]A .difesa,abilit[]A .forza,abil
it[]A .destrezza,[] 
 []

<./immagini/immquery/3-abilitaapprese.png, id=2029, 681.29532pt x 45.16875pt>
File: ./immagini/immquery/3-abilitaapprese.png Graphic file (type png)

<use ./immagini/immquery/3-abilitaapprese.png>
Package pdftex.def Info: ./immagini/immquery/3-abilitaapprese.png used on input
 line 484.
(pdftex.def)             Requested size: 292.77629pt x 19.41045pt.

<./immagini/immquery/5-carrelloutente.png, id=2030, 409.53pt x 42.1575pt>
File: ./immagini/immquery/5-carrelloutente.png Graphic file (type png)

<use ./immagini/immquery/5-carrelloutente.png>
Package pdftex.def Info: ./immagini/immquery/5-carrelloutente.png used on input
 line 502.
(pdftex.def)             Requested size: 292.77629pt x 30.14044pt.
 [86 <./immagini/immquery/3-missionicompletate.png> <./immagini/immquery/3-abil
itaapprese.png>]
<./immagini/immquery/6-prodottidisponibili.png, id=2034, 499.11469pt x 95.6072p
t>
File: ./immagini/immquery/6-prodottidisponibili.png Graphic file (type png)
 <use ./immagini/immquery/6-prodottidisponibili.png>
Package pdftex.def Info: ./immagini/immquery/6-prodottidisponibili.png used on 
input line 517.
(pdftex.def)             Requested size: 292.77629pt x 56.08388pt.

Overfull \hbox (55.72124pt too wide) in paragraph at lines 527--527
 []\OT1/cmtt/m/n/12 from propriet[]A  join prodotto on propriet[]A .codPro=prod
otto.codPro where[] 
 []


<./immagini/immquery/7-prodottiaquistati.png, id=2035, 463.7325pt x 53.44969pt>
File: ./immagini/immquery/7-prodottiaquistati.png Graphic file (type png)
<use ./immagini/immquery/7-prodottiaquistati.png>
Package pdftex.def Info: ./immagini/immquery/7-prodottiaquistati.png used on in
put line 533.
(pdftex.def)             Requested size: 292.77629pt x 33.74605pt.
 [87 <./immagini/immquery/5-carrelloutente.png> <./immagini/immquery/6-prodotti
disponibili.png> <./immagini/immquery/7-prodottiaquistati.png>]
<./immagini/immquery/9-abilitainsegnate.png, id=2040, 252.19218pt x 70.76437pt>
File: ./immagini/immquery/9-abilitainsegnate.png Graphic file (type png)
<use ./immagini/immquery/9-abilitainsegnate.png>
Package pdftex.def Info: ./immagini/immquery/9-abilitainsegnate.png used on inp
ut line 554.
(pdftex.def)             Requested size: 292.77629pt x 82.15257pt.

<./immagini/immquery/10-consumati.png, id=2041, 414.79968pt x 45.16875pt>
File: ./immagini/immquery/10-consumati.png Graphic file (type png)

<use ./immagini/immquery/10-consumati.png>
Package pdftex.def Info: ./immagini/immquery/10-consumati.png used on input lin
e 570.
(pdftex.def)             Requested size: 292.77629pt x 31.88255pt.
) [88 <./immagini/immquery/9-abilitainsegnate.png> <./immagini/immquery/10-cons
umati.png>]
(/home/xn3cr0nx/Dropbox/Università/3° Anno/1° Ciclo/Sistemi Informativi e Ba
si di Dati/Progetto/esempi/Template Latex Base di dati MMorpg/Progetto Basi di 
Dati TEMPLATE.aux
(/home/xn3cr0nx/Dropbox/Università/3° Anno/1° Ciclo/Sistemi Informativi e Ba
si di Dati/Progetto/esempi/Template Latex Base di dati MMorpg/./Sezioni/vincoli
nonesp.aux))

LaTeX Warning: There were multiply-defined labels.

 ) 
Here is how much of TeX's memory you used:
 5915 strings out of 493029
 90584 string characters out of 6136235
 202510 words of memory out of 5000000
 9187 multiletter control sequences out of 15000+600000
 11200 words of font info for 39 fonts, out of 8000000 for 9000
 1141 hyphenation exceptions out of 8191
 41i,20n,49p,1435b,601s stack positions out of 5000i,500n,10000p,200000b,80000s
</usr/share/texlive/texmf-dist/fonts/type1/public/amsfonts/cm/cmbx12.pfb></us
r/share/texlive/texmf-dist/fonts/type1/public/amsfonts/cm/cmbxti10.pfb></usr/sh
are/texlive/texmf-dist/fonts/type1/public/amsfonts/cm/cmcsc10.pfb></usr/share/t
exlive/texmf-dist/fonts/type1/public/amsfonts/cm/cmr12.pfb></usr/share/texlive/
texmf-dist/fonts/type1/public/amsfonts/cm/cmsy10.pfb></usr/share/texlive/texmf-
dist/fonts/type1/public/amsfonts/cm/cmti12.pfb></usr/share/texlive/texmf-dist/f
onts/type1/public/amsfonts/cm/cmtt12.pfb>
Output written on "/home/xn3cr0nx/Dropbox/Università/3° Anno/1° Ciclo/Sistem
i Informativi e Basi di Dati/Progetto/esempi/Template Latex Base di dati MMorpg
/Progetto Basi di Dati TEMPLATE.pdf" (89 pages, 1298450 bytes).
PDF statistics:
 2073 PDF objects out of 2073 (max. 8388607)
 1070 compressed objects within 11 object streams
 0 named destinations out of 1000 (max. 500000)
 301 words of extra memory for PDF output out of 10000 (max. 10000000)

